mode: set
github.com\fractalbach\nandGo2tetris\hackcompiler\main.go:52.43,55.2 2 0
github.com\fractalbach\nandGo2tetris\hackcompiler\main.go:57.31,60.24 3 0
github.com\fractalbach\nandGo2tetris\hackcompiler\main.go:60.24,64.3 3 0
github.com\fractalbach\nandGo2tetris\hackcompiler\main.go:67.42,70.24 3 0
github.com\fractalbach\nandGo2tetris\hackcompiler\main.go:74.2,74.30 1 0
github.com\fractalbach\nandGo2tetris\hackcompiler\main.go:70.24,73.3 2 0
github.com\fractalbach\nandGo2tetris\hackcompiler\main.go:77.20,80.2 2 0
github.com\fractalbach\nandGo2tetris\hackcompiler\main.go:82.46,84.16 2 0
github.com\fractalbach\nandGo2tetris\hackcompiler\main.go:87.2,87.52 1 0
github.com\fractalbach\nandGo2tetris\hackcompiler\main.go:84.16,86.3 1 0
github.com\fractalbach\nandGo2tetris\hackcompiler\main.go:90.40,94.14 4 0
github.com\fractalbach\nandGo2tetris\hackcompiler\main.go:96.25,97.17 1 0
github.com\fractalbach\nandGo2tetris\hackcompiler\main.go:99.23,103.12 3 0
github.com\fractalbach\nandGo2tetris\hackcompiler\main.go:105.24,106.27 1 0
github.com\fractalbach\nandGo2tetris\hackcompiler\main.go:108.10,109.24 1 0
github.com\fractalbach\nandGo2tetris\hackcompiler\main.go:113.44,115.16 2 0
github.com\fractalbach\nandGo2tetris\hackcompiler\main.go:119.2,120.16 2 0
github.com\fractalbach\nandGo2tetris\hackcompiler\main.go:126.2,127.29 2 0
github.com\fractalbach\nandGo2tetris\hackcompiler\main.go:132.2,132.29 1 0
github.com\fractalbach\nandGo2tetris\hackcompiler\main.go:135.2,135.22 1 0
github.com\fractalbach\nandGo2tetris\hackcompiler\main.go:115.16,117.3 1 0
github.com\fractalbach\nandGo2tetris\hackcompiler\main.go:120.16,122.3 1 0
github.com\fractalbach\nandGo2tetris\hackcompiler\main.go:127.29,128.43 1 0
github.com\fractalbach\nandGo2tetris\hackcompiler\main.go:128.43,130.4 1 0
github.com\fractalbach\nandGo2tetris\hackcompiler\main.go:132.29,134.3 1 0
github.com\fractalbach\nandGo2tetris\hackcompiler\main.go:138.32,142.2 3 0
github.com\fractalbach\nandGo2tetris\hackcompiler\main.go:144.67,148.16 4 0
github.com\fractalbach\nandGo2tetris\hackcompiler\main.go:151.2,151.37 1 0
github.com\fractalbach\nandGo2tetris\hackcompiler\main.go:148.16,150.3 1 0
github.com\fractalbach\nandGo2tetris\hackcompiler\main.go:154.26,156.37 2 0
github.com\fractalbach\nandGo2tetris\hackcompiler\main.go:156.37,159.3 2 0
github.com\fractalbach\nandGo2tetris\hackcompiler\main.go:162.13,163.22 1 0
github.com\fractalbach\nandGo2tetris\hackcompiler\main.go:166.2,166.20 1 0
github.com\fractalbach\nandGo2tetris\hackcompiler\main.go:170.2,170.22 1 0
github.com\fractalbach\nandGo2tetris\hackcompiler\main.go:175.2,177.23 3 0
github.com\fractalbach\nandGo2tetris\hackcompiler\main.go:181.2,181.16 1 0
github.com\fractalbach\nandGo2tetris\hackcompiler\main.go:197.2,197.20 1 0
github.com\fractalbach\nandGo2tetris\hackcompiler\main.go:163.22,165.3 1 0
github.com\fractalbach\nandGo2tetris\hackcompiler\main.go:167.22,168.16 1 0
github.com\fractalbach\nandGo2tetris\hackcompiler\main.go:170.22,173.3 2 0
github.com\fractalbach\nandGo2tetris\hackcompiler\main.go:177.23,179.3 1 0
github.com\fractalbach\nandGo2tetris\hackcompiler\main.go:182.23,183.27 1 0
github.com\fractalbach\nandGo2tetris\hackcompiler\main.go:184.21,185.25 1 0
github.com\fractalbach\nandGo2tetris\hackcompiler\main.go:186.23,187.26 1 0
github.com\fractalbach\nandGo2tetris\hackcompiler\main.go:188.10,191.22 3 0
github.com\fractalbach\nandGo2tetris\hackcompiler\main.go:192.10,194.16 2 0
github.com\fractalbach\nandGo2tetris\hackcompiler\main.go:198.13,199.18 1 0
github.com\fractalbach\nandGo2tetris\hackcompiler\main.go:200.10,202.25 2 0
